#
# A fatal error has been detected by the Java Runtime Environment:
#
#  EXCEPTION_ACCESS_VIOLATION (0xc0000005) at pc=0x000000005bcb623f, pid=19628, tid=24256
#
# JRE version: Java(TM) SE Runtime Environment (8.0_51-b16) (build 1.8.0_51-b16)
# Java VM: Java HotSpot(TM) 64-Bit Server VM (25.51-b03 mixed mode windows-amd64 compressed oops)
# Problematic frame:
# V  [jvm.dll+0x4b623f]
#
# Failed to write core dump. Minidumps are not enabled by default on client versions of Windows
#
# If you would like to submit a bug report, please visit:
#   http://bugreport.java.com/bugreport/crash.jsp
#

---------------  T H R E A D  ---------------

Current thread (0x00000000270d7000):  JavaThread "C2 CompilerThread0" daemon [_thread_in_native, id=24256, stack(0x0000000028610000,0x0000000028710000)]

siginfo: ExceptionCode=0xc0000005, reading address 0x0000000000000008

Registers:
RAX=0x0000000000000000, RBX=0x0000000000000000, RCX=0x0000000058545a30, RDX=0x0000000000008000
RSP=0x000000002870baa0, RBP=0x00000000609b85e0, RSI=0x0000000058545a30, RDI=0x000000002870bf70
R8 =0x0000000000000000, R9 =0x000000005d593fc0, R10=0x000000002870bf70, R11=0x0000000056d2c770
R12=0x0000000060ea5800, R13=0x000000002727fd28, R14=0x000000002870bb88, R15=0x000000002870bba8
RIP=0x000000005bcb623f, EFLAGS=0x0000000000010287

Top of Stack: (sp=0x000000002870baa0)
0x000000002870baa0:   000000005d338d08 00000000609b85e0
0x000000002870bab0:   000000005707d510 000000002870bf70
0x000000002870bac0:   00000000609b85e0 000000002870bbf8
0x000000002870bad0:   000000002870bc50 000000005bcb7a49
0x000000002870bae0:   000000005d338d08 00000000000006a3
0x000000002870baf0:   0000000000000002 0000000058545a30
0x000000002870bb00:   000000002870c940 000000005bcea2b0
0x000000002870bb10:   0000000060c658c0 00000000270903d0
0x000000002870bb20:   00000000337ed750 000000002870bc50
0x000000002870bb30:   00000000270903d0 0000000000000000
0x000000002870bb40:   000000002870bf70 000000005bcb992f
0x000000002870bb50:   000000002870bf70 0000000000000001
0x000000002870bb60:   0000000000000002 00000000337ed750
0x000000002870bb70:   0000000060c65910 0000000060c6d8a8
0x000000002870bb80:   0000000000225e68 00000000270903d0
0x000000002870bb90:   0000000000000800 00000000585400c0 

Instructions: (pc=0x000000005bcb623f)
0x000000005bcb621f:   4c 89 64 24 50 4c 8b e0 4c 3b e8 0f 84 4f 01 00
0x000000005bcb622f:   00 44 8b 43 28 4c 8b 8f f0 09 00 00 4b 8b 1c c1
0x000000005bcb623f:   48 8b 43 08 48 83 38 00 75 2a 8b 57 28 0f 1f 40
0x000000005bcb624f:   00 8b 43 28 3b c2 73 0c 8b c8 48 8b 47 30 48 8b 


Register to memory mapping:

RAX=0x0000000000000000 is an unknown value
RBX=0x0000000000000000 is an unknown value
RCX=0x0000000058545a30 is an unknown value
RDX=0x0000000000008000 is an unknown value
RSP=0x000000002870baa0 is pointing into the stack for thread: 0x00000000270d7000
RBP=0x00000000609b85e0 is an unknown value
RSI=0x0000000058545a30 is an unknown value
RDI=0x000000002870bf70 is pointing into the stack for thread: 0x00000000270d7000
R8 =0x0000000000000000 is an unknown value
R9 =0x000000005d593fc0 is an unknown value
R10=0x000000002870bf70 is pointing into the stack for thread: 0x00000000270d7000
R11=0x0000000056d2c770 is an unknown value
R12=0x0000000060ea5800 is an unknown value
R13=0x000000002727fd28 is an unknown value
R14=0x000000002870bb88 is pointing into the stack for thread: 0x00000000270d7000
R15=0x000000002870bba8 is pointing into the stack for thread: 0x00000000270d7000


Stack: [0x0000000028610000,0x0000000028710000],  sp=0x000000002870baa0,  free space=1006k
Native frames: (J=compiled Java code, j=interpreted, Vv=VM code, C=native code)
V  [jvm.dll+0x4b623f]
V  [jvm.dll+0x4b7a49]
V  [jvm.dll+0x4b992f]
V  [jvm.dll+0x46c011]
V  [jvm.dll+0x46cd4e]
V  [jvm.dll+0x4501a2]
V  [jvm.dll+0xa43a2]
V  [jvm.dll+0xa4cdf]
V  [jvm.dll+0x2418a4]
V  [jvm.dll+0x29846a]
C  [msvcr100.dll+0x21d9f]
C  [msvcr100.dll+0x21e3b]
C  [KERNEL32.DLL+0x17bd4]
C  [ntdll.dll+0x6ced1]


Current CompileTask:
C2:  58422 14253       4       pl.asie.foamfix.client.Deduplicator::deduplicate0 (459 bytes)


---------------  P R O C E S S  ---------------

Java Threads: ( => current thread )
  0x000000002a266800 JavaThread "Thread-8" [_thread_blocked, id=21608, stack(0x0000000042be0000,0x0000000042ce0000)]
  0x000000002a267800 JavaThread "Thread-7" [_thread_blocked, id=18884, stack(0x000000003bbf0000,0x000000003bcf0000)]
  0x000000002a266000 JavaThread "ForkJoinPool.commonPool-worker-3" daemon [_thread_blocked, id=4648, stack(0x0000000049280000,0x0000000049380000)]
  0x000000002a269800 JavaThread "ForkJoinPool.commonPool-worker-13" daemon [_thread_blocked, id=20952, stack(0x0000000048c80000,0x0000000048d80000)]
  0x000000002a268000 JavaThread "ForkJoinPool.commonPool-worker-4" daemon [_thread_blocked, id=7812, stack(0x0000000048b80000,0x0000000048c80000)]
  0x000000002d82f000 JavaThread "ForkJoinPool.commonPool-worker-11" daemon [_thread_blocked, id=21308, stack(0x0000000048230000,0x0000000048330000)]
  0x000000002ad32800 JavaThread "ForkJoinPool.commonPool-worker-2" daemon [_thread_blocked, id=3132, stack(0x0000000033de0000,0x0000000033ee0000)]
  0x000000003374a800 JavaThread "LWJGL Timer" daemon [_thread_blocked, id=24976, stack(0x0000000036cb0000,0x0000000036db0000)]
  0x000000002e593800 JavaThread "Thread-3" [_thread_blocked, id=21700, stack(0x0000000036e00000,0x0000000036f00000)]
  0x000000002a28c000 JavaThread "Java2D Disposer" daemon [_thread_blocked, id=8356, stack(0x0000000031610000,0x0000000031710000)]
  0x000000002cc5b000 JavaThread "Timer hack thread" daemon [_thread_blocked, id=13132, stack(0x0000000031030000,0x0000000031130000)]
  0x000000002b8c7800 JavaThread "Snooper Timer" daemon [_thread_blocked, id=16300, stack(0x000000002bf70000,0x000000002c070000)]
  0x000000002717a800 JavaThread "Service Thread" daemon [_thread_blocked, id=17424, stack(0x0000000028a10000,0x0000000028b10000)]
  0x0000000027131800 JavaThread "C1 CompilerThread3" daemon [_thread_blocked, id=2532, stack(0x0000000028910000,0x0000000028a10000)]
  0x0000000027130800 JavaThread "C2 CompilerThread2" daemon [_thread_in_native, id=8016, stack(0x0000000028810000,0x0000000028910000)]
  0x00000000259ee000 JavaThread "C2 CompilerThread1" daemon [_thread_in_native, id=24364, stack(0x0000000028710000,0x0000000028810000)]
=>0x00000000270d7000 JavaThread "C2 CompilerThread0" daemon [_thread_in_native, id=24256, stack(0x0000000028610000,0x0000000028710000)]
  0x00000000270d6800 JavaThread "Attach Listener" daemon [_thread_blocked, id=8540, stack(0x0000000028510000,0x0000000028610000)]
  0x00000000270d5800 JavaThread "Signal Dispatcher" daemon [_thread_blocked, id=19952, stack(0x0000000028410000,0x0000000028510000)]
  0x00000000259e1000 JavaThread "Finalizer" daemon [_thread_blocked, id=22560, stack(0x0000000028310000,0x0000000028410000)]
  0x00000000259da800 JavaThread "Reference Handler" daemon [_thread_blocked, id=596, stack(0x0000000028210000,0x0000000028310000)]
  0x0000000002805800 JavaThread "Client thread" [_thread_in_Java, id=17880, stack(0x0000000002700000,0x0000000002800000)]

Other Threads:
  0x0000000027091800 VMThread [stack: 0x0000000028110000,0x0000000028210000] [id=432]
  0x00000000271d7800 WatcherThread [stack: 0x0000000028b10000,0x0000000028c10000] [id=15572]

VM state:not at safepoint (normal execution)

VM Mutex/Monitor currently owned by a thread: None

Heap:
 PSYoungGen      total 2333184K, used 1335988K [0x0000000716a00000, 0x00000007c0000000, 0x00000007c0000000)
  eden space 2097152K, 60% used [0x0000000716a00000,0x0000000764b420a8,0x0000000796a00000)
  from space 236032K, 24% used [0x00000007b1980000,0x00000007b50eafd8,0x00000007c0000000)
  to   space 338944K, 0% used [0x0000000796a00000,0x0000000796a00000,0x00000007ab500000)
 ParOldGen       total 1178624K, used 751457K [0x00000005c3e00000, 0x000000060bd00000, 0x0000000716a00000)
  object space 1178624K, 63% used [0x00000005c3e00000,0x00000005f1bd8730,0x000000060bd00000)
 Metaspace       used 90059K, capacity 92427K, committed 92672K, reserved 1128448K
  class space    used 13227K, capacity 14003K, committed 14080K, reserved 1048576K

Card table byte_map: [0x0000000011cc0000,0x0000000012cb0000] byte_map_base: 0x000000000eea1000

Marking Bits: (ParMarkBitMap*) 0x000000005c004040
 Begin Bits: [0x0000000014150000, 0x000000001c058000)
 End Bits:   [0x000000001c058000, 0x0000000023f60000)

Polling page: 0x00000000004e0000

CodeCache: size=245760Kb used=38683Kb max_used=38683Kb free=207076Kb
 bounds [0x0000000002900000, 0x0000000004f00000, 0x0000000011900000]
 total_blobs=10995 nmethods=9887 adapters=1019
 compilation: enabled

Compilation events (10 events):
Event: 58.367 Thread 0x0000000027131800 14298   !   3       pl.asie.foamfix.client.FoamyMultipartBakedModel::<init> (126 bytes)
Event: 58.368 Thread 0x0000000027131800 nmethod 14298 0x0000000004ee6510 code [0x0000000004ee67a0, 0x0000000004ee7ae8]
Event: 58.368 Thread 0x0000000027131800 14299       3       com.google.gson.internal.LinkedTreeMap::keySet (27 bytes)
Event: 58.368 Thread 0x0000000027131800 nmethod 14299 0x0000000004ec8250 code [0x0000000004ec83c0, 0x0000000004ec8770]
Event: 58.368 Thread 0x0000000027131800 14300       3       com.google.gson.internal.LinkedTreeMap$KeySet::iterator (9 bytes)
Event: 58.368 Thread 0x0000000027131800 nmethod 14300 0x0000000004ec7d90 code [0x0000000004ec7f00, 0x0000000004ec8168]
Event: 58.389 Thread 0x0000000027131800 14301       3       com.google.common.collect.ImmutableMapKeySet::iterator (8 bytes)
Event: 58.390 Thread 0x0000000027131800 nmethod 14301 0x0000000004ec7950 code [0x0000000004ec7ac0, 0x0000000004ec7ce8]
Event: 58.390 Thread 0x0000000027131800 14302       3       com.google.common.collect.ImmutableEnumMap::keyIterator (16 bytes)
Event: 58.390 Thread 0x0000000027131800 nmethod 14302 0x0000000004ec3f90 code [0x0000000004ec4180, 0x0000000004ec4c78]

GC Heap History (10 events):
Event: 42.962 GC heap before
{Heap before GC invocations=27 (full 4):
 PSYoungGen      total 2149376K, used 1952768K [0x0000000716a00000, 0x00000007a6980000, 0x00000007c0000000)
  eden space 1952768K, 100% used [0x0000000716a00000,0x000000078dd00000,0x000000078dd00000)
  from space 196608K, 0% used [0x000000079a200000,0x000000079a200000,0x00000007a6200000)
  to   space 201728K, 0% used [0x000000078dd00000,0x000000078dd00000,0x000000079a200000)
 ParOldGen       total 751616K, used 417127K [0x00000005c3e00000, 0x00000005f1c00000, 0x0000000716a00000)
  object space 751616K, 55% used [0x00000005c3e00000,0x00000005dd559c10,0x00000005f1c00000)
 Metaspace       used 86776K, capacity 88979K, committed 89216K, reserved 1124352K
  class space    used 12900K, capacity 13617K, committed 13696K, reserved 1048576K
Event: 43.026 GC heap after
Heap after GC invocations=27 (full 4):
 PSYoungGen      total 2154496K, used 129472K [0x0000000716a00000, 0x00000007bd900000, 0x00000007c0000000)
  eden space 1952768K, 0% used [0x0000000716a00000,0x0000000716a00000,0x000000078dd00000)
  from space 201728K, 64% used [0x000000078dd00000,0x0000000795b70010,0x000000079a200000)
  to   space 207360K, 0% used [0x00000007b0e80000,0x00000007b0e80000,0x00000007bd900000)
 ParOldGen       total 751616K, used 417127K [0x00000005c3e00000, 0x00000005f1c00000, 0x0000000716a00000)
  object space 751616K, 55% used [0x00000005c3e00000,0x00000005dd559c10,0x00000005f1c00000)
 Metaspace       used 86776K, capacity 88979K, committed 89216K, reserved 1124352K
  class space    used 12900K, capacity 13617K, committed 13696K, reserved 1048576K
}
Event: 43.883 GC heap before
{Heap before GC invocations=28 (full 4):
 PSYoungGen      total 2154496K, used 2082240K [0x0000000716a00000, 0x00000007bd900000, 0x00000007c0000000)
  eden space 1952768K, 100% used [0x0000000716a00000,0x000000078dd00000,0x000000078dd00000)
  from space 201728K, 64% used [0x000000078dd00000,0x0000000795b70010,0x000000079a200000)
  to   space 207360K, 0% used [0x00000007b0e80000,0x00000007b0e80000,0x00000007bd900000)
 ParOldGen       total 751616K, used 417127K [0x00000005c3e00000, 0x00000005f1c00000, 0x0000000716a00000)
  object space 751616K, 55% used [0x00000005c3e00000,0x00000005dd559c10,0x00000005f1c00000)
 Metaspace       used 86776K, capacity 88979K, committed 89216K, reserved 1124352K
  class space    used 12900K, capacity 13617K, committed 13696K, reserved 1048576K
Event: 43.930 GC heap after
Heap after GC invocations=28 (full 4):
 PSYoungGen      total 2539008K, used 90048K [0x0000000716a00000, 0x00000007be480000, 0x00000007c0000000)
  eden space 2331648K, 0% used [0x0000000716a00000,0x0000000716a00000,0x00000007a4f00000)
  from space 207360K, 43% used [0x00000007b0e80000,0x00000007b6670010,0x00000007bd900000)
  to   space 196096K, 0% used [0x00000007a4f00000,0x00000007a4f00000,0x00000007b0e80000)
 ParOldGen       total 751616K, used 417127K [0x00000005c3e00000, 0x00000005f1c00000, 0x0000000716a00000)
  object space 751616K, 55% used [0x00000005c3e00000,0x00000005dd559c10,0x00000005f1c00000)
 Metaspace       used 86776K, capacity 88979K, committed 89216K, reserved 1124352K
  class space    used 12900K, capacity 13617K, committed 13696K, reserved 1048576K
}
Event: 49.360 GC heap before
{Heap before GC invocations=29 (full 4):
 PSYoungGen      total 2539008K, used 2421696K [0x0000000716a00000, 0x00000007be480000, 0x00000007c0000000)
  eden space 2331648K, 100% used [0x0000000716a00000,0x00000007a4f00000,0x00000007a4f00000)
  from space 207360K, 43% used [0x00000007b0e80000,0x00000007b6670010,0x00000007bd900000)
  to   space 196096K, 0% used [0x00000007a4f00000,0x00000007a4f00000,0x00000007b0e80000)
 ParOldGen       total 751616K, used 417127K [0x00000005c3e00000, 0x00000005f1c00000, 0x0000000716a00000)
  object space 751616K, 55% used [0x00000005c3e00000,0x00000005dd559c10,0x00000005f1c00000)
 Metaspace       used 87291K, capacity 89627K, committed 89728K, reserved 1126400K
  class space    used 12944K, capacity 13695K, committed 13696K, reserved 1048576K
Event: 49.478 GC heap after
Heap after GC invocations=29 (full 4):
 PSYoungGen      total 2527744K, used 196076K [0x0000000716a00000, 0x00000007c0000000, 0x00000007c0000000)
  eden space 2331648K, 0% used [0x0000000716a00000,0x0000000716a00000,0x00000007a4f00000)
  from space 196096K, 99% used [0x00000007a4f00000,0x00000007b0e7b100,0x00000007b0e80000)
  to   space 236032K, 0% used [0x00000007b1980000,0x00000007b1980000,0x00000007c0000000)
 ParOldGen       total 751616K, used 446443K [0x00000005c3e00000, 0x00000005f1c00000, 0x0000000716a00000)
  object space 751616K, 59% used [0x00000005c3e00000,0x00000005df1facc8,0x00000005f1c00000)
 Metaspace       used 87291K, capacity 89627K, committed 89728K, reserved 1126400K
  class space    used 12944K, capacity 13695K, committed 13696K, reserved 1048576K
}
Event: 55.078 GC heap before
{Heap before GC invocations=30 (full 4):
 PSYoungGen      total 2527744K, used 2527724K [0x0000000716a00000, 0x00000007c0000000, 0x00000007c0000000)
  eden space 2331648K, 100% used [0x0000000716a00000,0x00000007a4f00000,0x00000007a4f00000)
  from space 196096K, 99% used [0x00000007a4f00000,0x00000007b0e7b100,0x00000007b0e80000)
  to   space 236032K, 0% used [0x00000007b1980000,0x00000007b1980000,0x00000007c0000000)
 ParOldGen       total 751616K, used 446443K [0x00000005c3e00000, 0x00000005f1c00000, 0x0000000716a00000)
  object space 751616K, 59% used [0x00000005c3e00000,0x00000005df1facc8,0x00000005f1c00000)
 Metaspace       used 89386K, capacity 91823K, committed 92160K, reserved 1128448K
  class space    used 13175K, capacity 13961K, committed 14080K, reserved 1048576K
Event: 55.340 GC heap after
Heap after GC invocations=30 (full 4):
 PSYoungGen      total 2333184K, used 236019K [0x0000000716a00000, 0x00000007c0000000, 0x00000007c0000000)
  eden space 2097152K, 0% used [0x0000000716a00000,0x0000000716a00000,0x0000000796a00000)
  from space 236032K, 99% used [0x00000007b1980000,0x00000007bfffce00,0x00000007c0000000)
  to   space 338944K, 0% used [0x0000000796a00000,0x0000000796a00000,0x00000007ab500000)
 ParOldGen       total 751616K, used 626412K [0x00000005c3e00000, 0x00000005f1c00000, 0x0000000716a00000)
  object space 751616K, 83% used [0x00000005c3e00000,0x00000005ea1bb138,0x00000005f1c00000)
 Metaspace       used 89386K, capacity 91823K, committed 92160K, reserved 1128448K
  class space    used 13175K, capacity 13961K, committed 14080K, reserved 1048576K
}
Event: 55.340 GC heap before
{Heap before GC invocations=31 (full 5):
 PSYoungGen      total 2333184K, used 236019K [0x0000000716a00000, 0x00000007c0000000, 0x00000007c0000000)
  eden space 2097152K, 0% used [0x0000000716a00000,0x0000000716a00000,0x0000000796a00000)
  from space 236032K, 99% used [0x00000007b1980000,0x00000007bfffce00,0x00000007c0000000)
  to   space 338944K, 0% used [0x0000000796a00000,0x0000000796a00000,0x00000007ab500000)
 ParOldGen       total 751616K, used 626412K [0x00000005c3e00000, 0x00000005f1c00000, 0x0000000716a00000)
  object space 751616K, 83% used [0x00000005c3e00000,0x00000005ea1bb138,0x00000005f1c00000)
 Metaspace       used 89386K, capacity 91823K, committed 92160K, reserved 1128448K
  class space    used 13175K, capacity 13961K, committed 14080K, reserved 1048576K
Event: 56.814 GC heap after
Heap after GC invocations=31 (full 5):
 PSYoungGen      total 2333184K, used 56747K [0x0000000716a00000, 0x00000007c0000000, 0x00000007c0000000)
  eden space 2097152K, 0% used [0x0000000716a00000,0x0000000716a00000,0x0000000796a00000)
  from space 236032K, 24% used [0x00000007b1980000,0x00000007b50eafd8,0x00000007c0000000)
  to   space 338944K, 0% used [0x0000000796a00000,0x0000000796a00000,0x00000007ab500000)
 ParOldGen       total 1178624K, used 751457K [0x00000005c3e00000, 0x000000060bd00000, 0x0000000716a00000)
  object space 1178624K, 63% used [0x00000005c3e00000,0x00000005f1bd8730,0x000000060bd00000)
 Metaspace       used 89386K, capacity 91823K, committed 92160K, reserved 1128448K
  class space    used 13175K, capacity 13961K, committed 14080K, reserved 1048576K
}

Deoptimization events (10 events):
Event: 58.210 Thread 0x0000000002805800 Uncommon trap: reason=class_check action=maybe_recompile pc=0x0000000003da445c method=com.google.common.collect.ImmutableSet$Indexed.iterator()Ljava/util/Iterator; @ 1
Event: 58.210 Thread 0x0000000002805800 Uncommon trap: reason=unstable_if action=reinterpret pc=0x0000000004c7db10 method=net.minecraftforge.client.model.MultiModelState$MultiModelPart.equals(Ljava/lang/Object;)Z @ 2
Event: 58.210 Thread 0x0000000002805800 Uncommon trap: reason=class_check action=maybe_recompile pc=0x0000000003da445c method=com.google.common.collect.ImmutableSet$Indexed.iterator()Ljava/util/Iterator; @ 1
Event: 58.213 Thread 0x0000000002805800 Uncommon trap: reason=unstable_if action=reinterpret pc=0x0000000004cc84e4 method=net.minecraftforge.client.model.MultiModelState$MultiModelPart.equals(Ljava/lang/Object;)Z @ 2
Event: 58.248 Thread 0x0000000002805800 Uncommon trap: reason=unstable_if action=reinterpret pc=0x0000000002c0ac04 method=net.minecraft.util.ResourceLocation.equals(Ljava/lang/Object;)Z @ 11
Event: 58.270 Thread 0x0000000002805800 Uncommon trap: reason=class_check action=maybe_recompile pc=0x0000000004cca390 method=com.google.common.collect.AbstractMapBasedMultimap$KeySet$1.hasNext()Z @ 4
Event: 58.273 Thread 0x0000000002805800 Uncommon trap: reason=class_check action=maybe_recompile pc=0x0000000004cca390 method=com.google.common.collect.AbstractMapBasedMultimap$KeySet$1.hasNext()Z @ 4
Event: 58.277 Thread 0x0000000002805800 Uncommon trap: reason=class_check action=maybe_recompile pc=0x0000000004cca390 method=com.google.common.collect.AbstractMapBasedMultimap$KeySet$1.hasNext()Z @ 4
Event: 58.280 Thread 0x0000000002805800 Uncommon trap: reason=class_check action=maybe_recompile pc=0x0000000004cca390 method=com.google.common.collect.AbstractMapBasedMultimap$KeySet$1.hasNext()Z @ 4
Event: 58.330 Thread 0x0000000002805800 Uncommon trap: reason=null_assert action=make_not_entrant pc=0x0000000004ecab00 method=pl.asie.foamfix.client.Deduplicator.deduplicateObject(Ljava/lang/Object;I)Ljava/lang/Object; @ 1166

Internal exceptions (10 events):
Event: 53.580 Thread 0x0000000002805800 Exception <a 'java/lang/IncompatibleClassChangeError': Found class java.lang.Object, but interface was expected> (0x000000075b8845e0) thrown at [C:\re\workspace\8-2-build-windows-amd64-cygwin\jdk8u51\3951\hotspot\src\share\vm\interpreter\linkResolver.cpp, „¹ÝË}ÊJ@
Event: 53.582 Thread 0x0000000002805800 Exception <a 'java/lang/IncompatibleClassChangeError': Found class java.lang.Object, but interface was expected> (0x000000075b88abb8) thrown at [C:\re\workspace\8-2-build-windows-amd64-cygwin\jdk8u51\3951\hotspot\src\share\vm\interpreter\linkResolver.cpp, M’ø&—´L@
Event: 57.411 Thread 0x0000000002805800 Implicit null exception at 0x0000000004c2e2f8 to 0x0000000004c2e5c5
Event: 58.112 Thread 0x0000000002805800 Implicit null exception at 0x0000000004c35d52 to 0x0000000004c35f3d
Event: 58.132 Thread 0x0000000002805800 Exception <a 'java/io/IOException'> (0x00000007639bb848) thrown at [C:\re\workspace\8-2-build-windows-amd64-cygwin\jdk8u51\3951\hotspot\src\share\vm\prims\jni.cpp, line 709]
Event: 58.133 Thread 0x0000000002805800 Exception <a 'java/io/IOException'> (0x00000007639ca878) thrown at [C:\re\workspace\8-2-build-windows-amd64-cygwin\jdk8u51\3951\hotspot\src\share\vm\prims\jni.cpp, line 709]
Event: 58.134 Thread 0x0000000002805800 Exception <a 'java/io/IOException'> (0x00000007639e7748) thrown at [C:\re\workspace\8-2-build-windows-amd64-cygwin\jdk8u51\3951\hotspot\src\share\vm\prims\jni.cpp, line 709]
Event: 58.134 Thread 0x0000000002805800 Exception <a 'java/io/IOException'> (0x00000007639f5360) thrown at [C:\re\workspace\8-2-build-windows-amd64-cygwin\jdk8u51\3951\hotspot\src\share\vm\prims\jni.cpp, line 709]
Event: 58.136 Thread 0x0000000002805800 Exception <a 'java/io/IOException'> (0x0000000763a49978) thrown at [C:\re\workspace\8-2-build-windows-amd64-cygwin\jdk8u51\3951\hotspot\src\share\vm\prims\jni.cpp, line 709]
Event: 58.136 Thread 0x0000000002805800 Exception <a 'java/io/IOException'> (0x0000000763a589a8) thrown at [C:\re\workspace\8-2-build-windows-amd64-cygwin\jdk8u51\3951\hotspot\src\share\vm\prims\jni.cpp, line 709]

Events (10 events):
Event: 58.277 Thread 0x0000000002805800 DEOPT PACKING pc=0x0000000004cca390 sp=0x00000000027fe3a0
Event: 58.277 Thread 0x0000000002805800 DEOPT UNPACKING pc=0x000000000294582a sp=0x00000000027fe330 mode 2
Event: 58.280 Thread 0x0000000002805800 Uncommon trap: trap_request=0xffffffde fr.pc=0x0000000004cca390
Event: 58.280 Thread 0x0000000002805800 DEOPT PACKING pc=0x0000000004cca390 sp=0x00000000027fe3a0
Event: 58.280 Thread 0x0000000002805800 DEOPT UNPACKING pc=0x000000000294582a sp=0x00000000027fe330 mode 2
Event: 58.295 Executing VM operation: ForceSafepoint
Event: 58.296 Executing VM operation: ForceSafepoint done
Event: 58.330 Thread 0x0000000002805800 Uncommon trap: trap_request=0xffffffec fr.pc=0x0000000004ecab00
Event: 58.330 Thread 0x0000000002805800 DEOPT PACKING pc=0x0000000004ecab00 sp=0x00000000027fdd90
Event: 58.330 Thread 0x0000000002805800 DEOPT UNPACKING pc=0x000000000294582a sp=0x00000000027fdd60 mode 2


Dynamic libraries:
0x00007ff7df2c0000 - 0x00007ff7df2f7000 	C:\Users\micha000\Documents\Curse\Minecraft\Install\runtime\jre-x64\bin\javaw.exe
0x00007ff9811e0000 - 0x00007ff9813d0000 	C:\WINDOWS\SYSTEM32\ntdll.dll
0x00007ff97f3d0000 - 0x00007ff97f482000 	C:\WINDOWS\System32\KERNEL32.DLL
0x00007ff97ebf0000 - 0x00007ff97ee93000 	C:\WINDOWS\System32\KERNELBASE.dll
0x00007ff981000000 - 0x00007ff9810a3000 	C:\WINDOWS\System32\ADVAPI32.dll
0x00007ff980030000 - 0x00007ff9800ce000 	C:\WINDOWS\System32\msvcrt.dll
0x00007ff980c20000 - 0x00007ff980cb7000 	C:\WINDOWS\System32\sechost.dll
0x00007ff97fb80000 - 0x00007ff97fca0000 	C:\WINDOWS\System32\RPCRT4.dll
0x00007ff97f490000 - 0x00007ff97f624000 	C:\WINDOWS\System32\USER32.dll
0x00007ff97eb70000 - 0x00007ff97eb91000 	C:\WINDOWS\System32\win32u.dll
0x00007ff97fb50000 - 0x00007ff97fb76000 	C:\WINDOWS\System32\GDI32.dll
0x00007ff97eea0000 - 0x00007ff97f034000 	C:\WINDOWS\System32\gdi32full.dll
0x00007ff97e2a0000 - 0x00007ff97e33e000 	C:\WINDOWS\System32\msvcp_win.dll
0x00007ff97f040000 - 0x00007ff97f13a000 	C:\WINDOWS\System32\ucrtbase.dll
0x00007ff96bab0000 - 0x00007ff96bd35000 	C:\WINDOWS\WinSxS\amd64_microsoft.windows.common-controls_6595b64144ccf1df_6.0.18362.657_none_e6c5b579130e3898\COMCTL32.dll
0x00007ff980cc0000 - 0x00007ff980ff6000 	C:\WINDOWS\System32\combase.dll
0x00007ff97e190000 - 0x00007ff97e210000 	C:\WINDOWS\System32\bcryptPrimitives.dll
0x00007ff97fe50000 - 0x00007ff97fe7e000 	C:\WINDOWS\System32\IMM32.DLL
0x000000005c510000 - 0x000000005c5e2000 	C:\Users\micha000\Documents\Curse\Minecraft\Install\runtime\jre-x64\bin\msvcr100.dll
0x000000005b800000 - 0x000000005c083000 	C:\Users\micha000\Documents\Curse\Minecraft\Install\runtime\jre-x64\bin\server\jvm.dll
0x00007ff9802e0000 - 0x00007ff9802e8000 	C:\WINDOWS\System32\PSAPI.DLL
0x00007ff976a00000 - 0x00007ff976a0a000 	C:\WINDOWS\SYSTEM32\VERSION.dll
0x00007ff97bd70000 - 0x00007ff97bd94000 	C:\WINDOWS\SYSTEM32\WINMM.dll
0x00007ff97bf70000 - 0x00007ff97bf79000 	C:\WINDOWS\SYSTEM32\WSOCK32.dll
0x00007ff97fca0000 - 0x00007ff97fd0f000 	C:\WINDOWS\System32\WS2_32.dll
0x00007ff97bd40000 - 0x00007ff97bd6d000 	C:\WINDOWS\SYSTEM32\winmmbase.dll
0x00007ff97eba0000 - 0x00007ff97ebea000 	C:\WINDOWS\System32\cfgmgr32.dll
0x000000005c500000 - 0x000000005c50f000 	C:\Users\micha000\Documents\Curse\Minecraft\Install\runtime\jre-x64\bin\verify.dll
0x000000005c4d0000 - 0x000000005c4f9000 	C:\Users\micha000\Documents\Curse\Minecraft\Install\runtime\jre-x64\bin\java.dll
0x000000005c4b0000 - 0x000000005c4c6000 	C:\Users\micha000\Documents\Curse\Minecraft\Install\runtime\jre-x64\bin\zip.dll
0x00007ff980530000 - 0x00007ff980c15000 	C:\WINDOWS\System32\SHELL32.dll
0x00007ff97faa0000 - 0x00007ff97fb49000 	C:\WINDOWS\System32\shcore.dll
0x00007ff97e340000 - 0x00007ff97eabf000 	C:\WINDOWS\System32\windows.storage.dll
0x00007ff97e130000 - 0x00007ff97e14f000 	C:\WINDOWS\System32\profapi.dll
0x00007ff97e0c0000 - 0x00007ff97e10a000 	C:\WINDOWS\System32\powrprof.dll
0x00007ff97e0b0000 - 0x00007ff97e0c0000 	C:\WINDOWS\System32\UMPDC.dll
0x00007ff980370000 - 0x00007ff9803c2000 	C:\WINDOWS\System32\shlwapi.dll
0x00007ff97e110000 - 0x00007ff97e121000 	C:\WINDOWS\System32\kernel.appcore.dll
0x00007ff97e170000 - 0x00007ff97e187000 	C:\WINDOWS\System32\cryptsp.dll
0x000000005c4a0000 - 0x000000005c4ad000 	C:\Users\micha000\Documents\Curse\Minecraft\Install\runtime\jre-x64\bin\management.dll
0x000000005c480000 - 0x000000005c49a000 	C:\Users\micha000\Documents\Curse\Minecraft\Install\runtime\jre-x64\bin\net.dll
0x00007ff97d920000 - 0x00007ff97d987000 	C:\WINDOWS\system32\mswsock.dll
0x00007ff96b220000 - 0x00007ff96b236000 	C:\WINDOWS\system32\napinsp.dll
0x00007ff95f180000 - 0x00007ff95f19a000 	C:\WINDOWS\system32\pnrpnsp.dll
0x00007ff97d670000 - 0x00007ff97d73a000 	C:\WINDOWS\SYSTEM32\DNSAPI.dll
0x00007ff980180000 - 0x00007ff980188000 	C:\WINDOWS\System32\NSI.dll
0x00007ff97d630000 - 0x00007ff97d66a000 	C:\WINDOWS\SYSTEM32\IPHLPAPI.DLL
0x00007ff9765c0000 - 0x00007ff9765ce000 	C:\WINDOWS\System32\winrnr.dll
0x00007ff97a1c0000 - 0x00007ff97a1dc000 	C:\WINDOWS\system32\NLAapi.dll
0x00007ff979090000 - 0x00007ff9790a5000 	C:\WINDOWS\system32\wshbth.dll
0x00007ff970640000 - 0x00007ff97064a000 	C:\Windows\System32\rasadhlp.dll
0x00007ff9716c0000 - 0x00007ff971737000 	C:\WINDOWS\System32\fwpuclnt.dll
0x00007ff97e210000 - 0x00007ff97e236000 	C:\WINDOWS\System32\bcrypt.dll
0x000000005c460000 - 0x000000005c471000 	C:\Users\micha000\Documents\Curse\Minecraft\Install\runtime\jre-x64\bin\nio.dll
0x000000005c430000 - 0x000000005c454000 	C:\Users\micha000\Documents\Curse\Minecraft\Install\runtime\jre-x64\bin\sunec.dll
0x00007ff97d470000 - 0x00007ff97d4a3000 	C:\WINDOWS\system32\rsaenh.dll
0x00007ff97dfa0000 - 0x00007ff97dfc5000 	C:\WINDOWS\SYSTEM32\USERENV.dll
0x00007ff97daf0000 - 0x00007ff97dafc000 	C:\WINDOWS\SYSTEM32\CRYPTBASE.dll
0x00007ff971bd0000 - 0x00007ff971be6000 	C:\WINDOWS\SYSTEM32\dhcpcsvc6.DLL
0x00007ff971bb0000 - 0x00007ff971bcc000 	C:\WINDOWS\SYSTEM32\dhcpcsvc.DLL
0x000000005c410000 - 0x000000005c427000 	C:\Users\micha000\Documents\Curse\Minecraft\Install\runtime\jre-x64\bin\unpack.dll
0x0000000180000000 - 0x0000000180053000 	C:\Users\micha000\Documents\Curse\Minecraft\Install\bin\f45b-31d0-8a45-43a0\lwjgl64.dll
0x00007ff952f40000 - 0x00007ff953096000 	C:\WINDOWS\SYSTEM32\OPENGL32.dll
0x00007ff952f10000 - 0x00007ff952f3c000 	C:\WINDOWS\SYSTEM32\GLU32.dll
0x00007ff97cd90000 - 0x00007ff97cdb0000 	C:\WINDOWS\SYSTEM32\dxcore.dll
0x000000005b660000 - 0x000000005b7f8000 	C:\Users\micha000\Documents\Curse\Minecraft\Install\runtime\jre-x64\bin\awt.dll
0x00007ff9810d0000 - 0x00007ff981194000 	C:\WINDOWS\System32\OLEAUT32.dll
0x00007ff97bfa0000 - 0x00007ff97c02f000 	C:\WINDOWS\SYSTEM32\apphelp.dll
0x00007ff978580000 - 0x00007ff97862e000 	C:\WINDOWS\SYSTEM32\mscms.dll
0x00007ff9784a0000 - 0x00007ff9784b7000 	C:\WINDOWS\SYSTEM32\ColorAdapterClient.dll
0x00007ff9800d0000 - 0x00007ff980172000 	C:\WINDOWS\System32\clbcatq.dll
0x00007ff976500000 - 0x00007ff97651a000 	C:\Windows\System32\Windows.Internal.Graphics.Display.DisplayColorManagement.dll
0x00007ff97c0a0000 - 0x00007ff97c139000 	C:\WINDOWS\system32\uxtheme.dll
0x00007ff97fd10000 - 0x00007ff97fe45000 	C:\WINDOWS\System32\MSCTF.dll
0x0000000059020000 - 0x000000005b659000 	C:\WINDOWS\System32\DriverStore\FileRepository\nvlt.inf_amd64_df63edd35ec893c1\nvoglv64.dll
0x00007ff97f630000 - 0x00007ff97faa0000 	C:\WINDOWS\System32\SETUPAPI.dll
0x00007ff9803d0000 - 0x00007ff980526000 	C:\WINDOWS\System32\ole32.dll
0x00007ff97a6b0000 - 0x00007ff97a6c3000 	C:\WINDOWS\SYSTEM32\WTSAPI32.dll
0x00007ff97deb0000 - 0x00007ff97deda000 	C:\WINDOWS\SYSTEM32\DEVOBJ.dll
0x00007ff97e240000 - 0x00007ff97e29c000 	C:\WINDOWS\System32\WINTRUST.dll
0x00007ff97e150000 - 0x00007ff97e162000 	C:\WINDOWS\System32\MSASN1.dll
0x00007ff97f140000 - 0x00007ff97f289000 	C:\WINDOWS\System32\CRYPT32.dll
0x00007ff97d110000 - 0x00007ff97d141000 	C:\WINDOWS\SYSTEM32\ntmarta.dll
0x000000006ae40000 - 0x000000006ae62000 	C:\Users\micha000\AppData\Roaming\Sublime Text 3\Packages\IMESupport\imesupport_hook_x64.dll
0x00007ff97c4c0000 - 0x00007ff97c4ed000 	C:\WINDOWS\SYSTEM32\dwmapi.dll
0x00007ff93bac0000 - 0x00007ff93bd72000 	C:\WINDOWS\system32\nvspcap64.dll
0x00007ff95ada0000 - 0x00007ff95ade3000 	C:\WINDOWS\SYSTEM32\icm32.dll
0x00007ff97d180000 - 0x00007ff97d1dc000 	C:\WINDOWS\SYSTEM32\WINSTA.dll
0x00007ff97cdb0000 - 0x00007ff97ce9b000 	C:\WINDOWS\SYSTEM32\dxgi.dll
0x00007ff97b050000 - 0x00007ff97b2ab000 	C:\WINDOWS\SYSTEM32\d3d11.dll
0x00007ff94f090000 - 0x00007ff94f17f000 	C:\WINDOWS\System32\DriverStore\FileRepository\nvlt.inf_amd64_df63edd35ec893c1\nvldumdx.dll
0x00007ff9810b0000 - 0x00007ff9810cd000 	C:\WINDOWS\System32\imagehlp.dll
0x00007ff91a5f0000 - 0x00007ff91cc4b000 	C:\WINDOWS\System32\DriverStore\FileRepository\nvlt.inf_amd64_df63edd35ec893c1\nvwgf2umx.dll
0x00007ff9746e0000 - 0x00007ff97470f000 	C:\WINDOWS\SYSTEM32\cryptnet.dll
0x00007ff96d500000 - 0x00007ff96d9f7000 	C:\WINDOWS\SYSTEM32\nvapi64.dll
0x00007ff9748e0000 - 0x00007ff975d27000 	C:\WINDOWS\System32\DriverStore\FileRepository\iigd_dch_base.inf_amd64_a5a132c6d8339491\igd10iumd64.dll
0x00007ff97dbf0000 - 0x00007ff97dc16000 	C:\WINDOWS\SYSTEM32\ncrypt.dll
0x00007ff97dbb0000 - 0x00007ff97dbeb000 	C:\WINDOWS\SYSTEM32\NTASN1.dll
0x00007ff972100000 - 0x00007ff974001000 	C:\WINDOWS\System32\DriverStore\FileRepository\iigd_dch_base.inf_amd64_a5a132c6d8339491\igc64.dll
0x00007ff95ad50000 - 0x00007ff95ad92000 	C:\Users\micha000\AppData\Local\Temp\jna--1675326288\jna5895222676487471598.dll
0x000000002fce0000 - 0x000000002fd44000 	C:\Users\micha000\Documents\Curse\Minecraft\Install\bin\f45b-31d0-8a45-43a0\OpenAL64.dll
0x00007ff974660000 - 0x00007ff9746d2000 	C:\WINDOWS\System32\MMDevApi.dll
0x00007ff95ab80000 - 0x00007ff95ac19000 	C:\WINDOWS\SYSTEM32\dsound.dll
0x00007ff974710000 - 0x00007ff97486d000 	C:\WINDOWS\SYSTEM32\AUDIOSES.DLL
0x00007ff979550000 - 0x00007ff9796a3000 	C:\WINDOWS\SYSTEM32\wintypes.dll
0x00007ff97c3d0000 - 0x00007ff97c3e4000 	C:\WINDOWS\SYSTEM32\resourcepolicyclient.dll
0x00007ff97c9f0000 - 0x00007ff97cbe4000 	C:\WINDOWS\SYSTEM32\dbghelp.dll

VM Arguments:
jvm_args: -Dos.name=Windows 10 -Dos.version=10.0 -XX:HeapDumpPath=MojangTricksIntelDriversForPerformance_javaw.exe_minecraft.exe.heapdump -Djava.library.path=C:\Users\micha000\Documents\Curse\Minecraft\Install\bin\f45b-31d0-8a45-43a0 -Dminecraft.launcher.brand=minecraft-launcher -Dminecraft.launcher.version=2.1.12307 -Dminecraft.client.jar=C:\Users\micha000\Documents\Curse\Minecraft\Install\versions\1.12.2\1.12.2.jar -Xmx8130m -Xms256m -XX:PermSize=256m -Dminecraft.applet.TargetDirectory=C:\Users\micha000\Documents\Curse\Minecraft\Instances\Explosive Mining -Dfml.ignorePatchDiscrepancies=true -Dfml.ignoreInvalidMinecraftCertificates=true -Duser.language=en -Duser.country=US -Dlog4j.configurationFile=C:\Users\micha000\Documents\Curse\Minecraft\Install\assets\log_configs\client-1.12.xml 
java_command: net.minecraft.launchwrapper.Launch --username ZoNiIc645 --version forge-14.23.5.2847 --gameDir C:\Users\micha000\Documents\Curse\Minecraft\Instances\Explosive Mining --assetsDir C:\Users\micha000\Documents\Curse\Minecraft\Install\assets --assetIndex 1.12 --uuid d60956f32fbe4a1392118387d008c5ad --accessToken eyJhbGciOiJIUzI1NiJ9.eyJzdWIiOiJjZjAyODBlNzlhYjY0ZmU3YTQ0MDQ0ZTFmZDg5Y2Y5NCIsInlnZ3QiOiI0NWRlNWY0Y2UyNTQ0NTc2YTllYTI2ODMwMWZjZmVjYyIsInNwciI6ImQ2MDk1NmYzMmZiZTRhMTM5MjExODM4N2QwMDhjNWFkIiwiaXNzIjoiWWdnZHJhc2lsLUF1dGgiLCJleHAiOjE1ODI3OTQ5MzMsImlhdCI6MTU4MjYyMjEzM30.Xm0Fyat-0q7XgXxGNImuPDtAmp4u-ZuauB2xJCiRNcQ --userType mojang --tweakClass net.minecraftforge.fml.common.launcher.FMLTweaker --versionType Forge --width 1024 --height 768
java_class_path (initial): C:\Users\micha000\Documents\Curse\Minecraft\Install\libraries\net\minecraftforge\forge\1.12.2-14.23.5.2847\forge-1.12.2-14.23.5.2847.jar;C:\Users\micha000\Documents\Curse\Minecraft\Install\libraries\net\minecraft\launchwrapper\1.12\launchwrapper-1.12.jar;C:\Users\micha000\Documents\Curse\Minecraft\Install\libraries\org\ow2\asm\asm-all\5.2\asm-all-5.2.jar;C:\Users\micha000\Documents\Curse\Minecraft\Install\libraries\org\jline\jline\3.5.1\jline-3.5.1.jar;C:\Users\micha000\Documents\Curse\Minecraft\Install\libraries\net\java\dev\jna\jna\4.4.0\jna-4.4.0.jar;C:\Users\micha000\Documents\Curse\Minecraft\Install\libraries\com\typesafe\akka\akka-actor_2.11\2.3.3\akka-actor_2.11-2.3.3.jar;C:\Users\micha000\Documents\Curse\Minecraft\Install\libraries\com\typesafe\config\1.2.1\config-1.2.1.jar;C:\Users\micha000\Documents\Curse\Minecraft\Install\libraries\org\scala-lang\scala-actors-migration_2.11\1.1.0\scala-actors-migration_2.11-1.1.0.jar;C:\Users\micha000\Documents\Curse\Minecraft\Install\libraries\org\scala-lang\scala-compiler\2.11.1\scala-compiler-2.11.1.jar;C:\Users\micha000\Documents\Curse\Minecraft\Install\libraries\org\scala-lang\plugins\scala-continuations-library_2.11\1.0.2\scala-continuations-library_2.11-1.0.2.jar;C:\Users\micha000\Documents\Curse\Minecraft\Install\libraries\org\scala-lang\plugins\scala-continuations-plugin_2.11.1\1.0.2\scala-continuations-plugin_2.11.1-1.0.2.jar;C:\Users\micha000\Documents\Curse\Minecraft\Install\libraries\org\scala-lang\scala-library\2.11.1\scala-library-2.11.1.jar;C:\Users\micha000\Documents\Curse\Minecraft\Install\libraries\org\scala-lang\scala-parser-combinators_2.11\1.0.1\scala-parser-combinators_2.11-1.0.1.jar;C:\Users\micha000\Documents\Curse\Minecraft\Install\libraries\org\scala-lang\scala-reflect\2.11.1\scala-reflect-2.11.1.jar;C:\Users\micha000\Documents\Curse\Minecraft\Install\libraries\org\scala-lang\scala-swing_2.11\1.0.1\scala-swing_2.11-1.0.1.jar;C:\Users\micha000\Documents\Curse\Minecraf
Launcher Type: SUN_STANDARD

Environment Variables:
PATH=C:\Program Files (x86)\Common Files\Oracle\Java\javapath;C:\Windows\system32;C:\Windows;C:\Windows\System32\Wbem;C:\Windows\System32\WindowsPowerShell\v1.0\;C:\Windows\System32\OpenSSH\;C:\Program Files (x86)\NVIDIA Corporation\PhysX\Common;C:\Program Files\NVIDIA Corporation\NVIDIA NvDLISR;C:\Program Files\Common Files\Autodesk Shared\;C:\Program Files (x86)\QuickTime\QTSystem\;%SystemRoot%\system32;%SystemRoot%;%SystemRoot%\System32\Wbem;%SYSTEMROOT%\System32\WindowsPowerShell\v1.0\;%SYSTEMROOT%\System32\OpenSSH\;C:\Users\micha000\AppData\Local\Microsoft\WindowsApps;C:\Users\micha000\AppData\Local\GitHubDesktop\bin;C:\Program Files\JetBrains\IntelliJ IDEA Community Edition 2018.3.4\bin;;C:\Users\micha000\AppData\Local\Programs\Microsoft VS Code\bin;C:\Program Files\Bandizip\;C:\Users\micha000\AppData\Local\Microsoft\WindowsApps;
USERNAME=micha000
OS=Windows_NT
PROCESSOR_IDENTIFIER=Intel64 Family 6 Model 158 Stepping 10, GenuineIntel



---------------  S Y S T E M  ---------------

OS: Windows 10.0 , 64 bit Build 18362 (10.0.18362.329)

CPU:total 12 (6 cores per cpu, 2 threads per core) family 6 model 158 stepping 10, cmov, cx8, fxsr, mmx, sse, sse2, sse3, ssse3, sse4.1, sse4.2, popcnt, avx, avx2, aes, clmul, erms, 3dnowpref, lzcnt, ht, tsc, tscinvbit, bmi1, bmi2, adx

Memory: 4k page, physical 16647380k(4648184k free), swap 24977884k(3599224k free)

vm_info: Java HotSpot(TM) 64-Bit Server VM (25.51-b03) for windows-amd64 JRE (1.8.0_51-b16), built on Jun  8 2015 18:03:07 by "java_re" with MS VC++ 10.0 (VS2010)

time: Tue Feb 25 18:23:45 2020
elapsed time: 58 seconds (0d 0h 0m 58s)

